<?xml version="1.0" encoding="UTF-8"?>
<!-- Generated by org.testng.reporters.JUnitReportReporter -->
<testsuite skipped="0" hostname="MacBook-Pro-Astaroth.local" name="qaautomation.Test.AppTest" tests="1" failures="0" timestamp="2021-10-30T23:58:24 WIB" time="127.955" errors="0">
  <testcase name="createAccount" time="127.955" classname="qaautomation.Test.AppTest"/>
  <system-out/>
</testsuite> <!-- qaautomation.Test.AppTest -->
